<?xml version="1.0" encoding="UTF-8"?>
<!-- Generated by org.testng.reporters.JUnitReportReporter -->
<testsuite hostname="user6" failures="0" tests="5" name="testScripts.NewArticleLoginTest" time="30.534" errors="0" timestamp="2024-11-18T14:33:59 IST" skipped="0">
  <testcase classname="testScripts.NewArticleLoginTest" name="newArticleHomePageTest" time="2.348"/>
  <testcase classname="testScripts.NewArticleLoginTest" name="dataEntry" time="3.754"/>
  <testcase classname="testScripts.NewArticleLoginTest" name="articleHomeCheck" time="4.258"/>
  <testcase classname="testScripts.NewArticleLoginTest" name="updateTheData" time="10.671"/>
  <testcase classname="testScripts.NewArticleLoginTest" name="finalTest" time="9.503"/>
</testsuite> <!-- testScripts.NewArticleLoginTest -->
